  objectivec.tab.cpp
c:\users\acer\desktop\политех\компилятор\j-objective-c\flex\flex\objectivec.tab.cpp(74): warning C4627: #include "tree_structs.h": пропущен при поиске использования предкомпилированного заголовка
          Добавление директивы в "StdAfx.h" или перестройка предкомпилированного заголовка
c:\users\acer\desktop\политех\компилятор\j-objective-c\flex\flex\objectivec.tab.cpp(75): warning C4627: #include "tree_structs_func.h": пропущен при поиске использования предкомпилированного заголовка
          Добавление директивы в "StdAfx.h" или перестройка предкомпилированного заголовка
c:\users\acer\desktop\политех\компилятор\j-objective-c\flex\flex\objectivec.tab.cpp(76): warning C4627: #include "tree_structs_array.h": пропущен при поиске использования предкомпилированного заголовка
          Добавление директивы в "StdAfx.h" или перестройка предкомпилированного заголовка
c:\users\acer\desktop\политех\компилятор\j-objective-c\flex\flex\objectivec.tab.cpp(77): warning C4627: #include "tree_structs_class.h": пропущен при поиске использования предкомпилированного заголовка
          Добавление директивы в "StdAfx.h" или перестройка предкомпилированного заголовка
c:\users\acer\desktop\политех\компилятор\j-objective-c\flex\flex\objectivec.tab.cpp(93): warning C4005: YY_NULL: изменение макроопределения
          c:\users\acer\desktop\политех\компилятор\j-objective-c\flex\flex\objectivec.tab.cpp(91): см. предыдущее определение "YY_NULL"
c:\users\acer\desktop\политех\компилятор\j-objective-c\flex\flex\objectivec.tab.cpp(287): warning C4005: YYSIZE_T: изменение макроопределения
          c:\users\acer\desktop\политех\компилятор\j-objective-c\flex\flex\objectivec.tab.cpp(285): см. предыдущее определение "YYSIZE_T"
c:\users\acer\desktop\политех\компилятор\j-objective-c\flex\flex\objectivec.tab.cpp(290): warning C4627: #include <stddef.h>: пропущен при поиске использования предкомпилированного заголовка
          Добавление директивы в "StdAfx.h" или перестройка предкомпилированного заголовка
c:\users\acer\desktop\политех\компилятор\j-objective-c\flex\flex\objectivec.tab.cpp(293): warning C4005: YYSIZE_T: изменение макроопределения
          c:\users\acer\desktop\политех\компилятор\j-objective-c\flex\flex\objectivec.tab.cpp(287): см. предыдущее определение "YYSIZE_T"
c:\users\acer\desktop\политех\компилятор\j-objective-c\flex\flex\objectivec.tab.cpp(302): warning C4627: #include <libintl.h>: пропущен при поиске использования предкомпилированного заголовка
          Добавление директивы в "StdAfx.h" или перестройка предкомпилированного заголовка
c:\users\acer\desktop\политех\компилятор\j-objective-c\flex\flex\objectivec.tab.cpp(307): warning C4005: YY_: изменение макроопределения
          c:\users\acer\desktop\политех\компилятор\j-objective-c\flex\flex\objectivec.tab.cpp(303): см. предыдущее определение "YY_"
c:\users\acer\desktop\политех\компилятор\j-objective-c\flex\flex\objectivec.tab.cpp(315): warning C4005: YYUSE: изменение макроопределения
          c:\users\acer\desktop\политех\компилятор\j-objective-c\flex\flex\objectivec.tab.cpp(313): см. предыдущее определение "YYUSE"
c:\users\acer\desktop\политех\компилятор\j-objective-c\flex\flex\objectivec.tab.cpp(345): warning C4627: #include <alloca.h>: пропущен при поиске использования предкомпилированного заголовка
          Добавление директивы в "StdAfx.h" или перестройка предкомпилированного заголовка
c:\users\acer\desktop\политех\компилятор\j-objective-c\flex\flex\objectivec.tab.cpp(347): warning C4005: YYSTACK_ALLOC: изменение макроопределения
          c:\users\acer\desktop\политех\компилятор\j-objective-c\flex\flex\objectivec.tab.cpp(343): см. предыдущее определение "YYSTACK_ALLOC"
c:\users\acer\desktop\политех\компилятор\j-objective-c\flex\flex\objectivec.tab.cpp(349): warning C4627: #include <malloc.h>: пропущен при поиске использования предкомпилированного заголовка
          Добавление директивы в "StdAfx.h" или перестройка предкомпилированного заголовка
c:\users\acer\desktop\политех\компилятор\j-objective-c\flex\flex\objectivec.tab.cpp(352): warning C4005: YYSTACK_ALLOC: изменение макроопределения
          c:\users\acer\desktop\политех\компилятор\j-objective-c\flex\flex\objectivec.tab.cpp(347): см. предыдущее определение "YYSTACK_ALLOC"
c:\users\acer\desktop\политех\компилятор\j-objective-c\flex\flex\objectivec.tab.cpp(355): warning C4627: #include <stdlib.h>: пропущен при поиске использования предкомпилированного заголовка
          Добавление директивы в "StdAfx.h" или перестройка предкомпилированного заголовка
c:\users\acer\desktop\политех\компилятор\j-objective-c\flex\flex\objectivec.tab.cpp(376): warning C4005: YYSTACK_ALLOC: изменение макроопределения
          c:\users\acer\desktop\политех\компилятор\j-objective-c\flex\flex\objectivec.tab.cpp(352): см. предыдущее определение "YYSTACK_ALLOC"
c:\users\acer\desktop\политех\компилятор\j-objective-c\flex\flex\objectivec.tab.cpp(377): warning C4005: YYSTACK_FREE: изменение макроопределения
          c:\users\acer\desktop\политех\компилятор\j-objective-c\flex\flex\objectivec.tab.cpp(367): см. предыдущее определение "YYSTACK_FREE"
c:\users\acer\desktop\политех\компилятор\j-objective-c\flex\flex\objectivec.tab.cpp(379): warning C4005: YYSTACK_ALLOC_MAXIMUM: изменение макроопределения
          c:\users\acer\desktop\политех\компилятор\j-objective-c\flex\flex\objectivec.tab.cpp(373): см. предыдущее определение "YYSTACK_ALLOC_MAXIMUM"
c:\users\acer\desktop\политех\компилятор\j-objective-c\flex\flex\objectivec.tab.cpp(384): warning C4627: #include <stdlib.h>: пропущен при поиске использования предкомпилированного заголовка
          Добавление директивы в "StdAfx.h" или перестройка предкомпилированного заголовка
c:\users\acer\desktop\политех\компилятор\j-objective-c\flex\flex\objectivec.tab.cpp(462): warning C4005: YYCOPY: изменение макроопределения
          c:\users\acer\desktop\политех\компилятор\j-objective-c\flex\flex\objectivec.tab.cpp(453): см. предыдущее определение "YYCOPY"
c:\users\acer\desktop\политех\компилятор\j-objective-c\flex\flex\objectivec.tab.cpp(995): warning C4005: YYLEX: изменение макроопределения
          c:\users\acer\desktop\политех\компилятор\j-objective-c\flex\flex\objectivec.tab.cpp(993): см. предыдущее определение "YYLEX"
c:\users\acer\desktop\политех\компилятор\j-objective-c\flex\flex\objectivec.tab.cpp(1157): warning C4005: YYDPRINTF: изменение макроопределения
          c:\users\acer\desktop\политех\компилятор\j-objective-c\flex\flex\objectivec.tab.cpp(1010): см. предыдущее определение "YYDPRINTF"
c:\users\acer\desktop\политех\компилятор\j-objective-c\flex\flex\objectivec.tab.cpp(1158): warning C4005: YY_SYMBOL_PRINT: изменение макроопределения
          c:\users\acer\desktop\политех\компилятор\j-objective-c\flex\flex\objectivec.tab.cpp(1021): см. предыдущее определение "YY_SYMBOL_PRINT"
c:\users\acer\desktop\политех\компилятор\j-objective-c\flex\flex\objectivec.tab.cpp(1159): warning C4005: YY_STACK_PRINT: изменение макроопределения
          c:\users\acer\desktop\политех\компилятор\j-objective-c\flex\flex\objectivec.tab.cpp(1113): см. предыдущее определение "YY_STACK_PRINT"
c:\users\acer\desktop\политех\компилятор\j-objective-c\flex\flex\objectivec.tab.cpp(1160): warning C4005: YY_REDUCE_PRINT: изменение макроопределения
          c:\users\acer\desktop\политех\компилятор\j-objective-c\flex\flex\objectivec.tab.cpp(1151): см. предыдущее определение "YY_REDUCE_PRINT"
c:\users\acer\desktop\политех\компилятор\j-objective-c\flex\flex\objectivec.tab.cpp(2767): fatal error C1010: непредвиденный конец файла во время поиска предкомпилированного заголовка. Возможно, вы забыли добавить директиву "#include "StdAfx.h"" в источник.
